[2022-11-05 00:49:02,001: INFO] - features_prepare - Инициализация логирования и загрузка файла параметров
[2022-11-05 00:49:02,001: DEBUG] - features_prepare - Загрузка данных
[2022-11-05 00:49:02,005: DEBUG] - features_prepare - Сохранение target
[2022-11-05 00:49:02,008: DEBUG] - features_prepare - Расчет и сохранение StandardScaler для числовых признаков
[2022-11-05 00:49:02,012: DEBUG] - features_prepare - Сохранение модели(pkl) StandardScaler для числовых признаков
[2022-11-05 00:49:02,012: DEBUG] - features_prepare - Расчет и сохранение OneHotEncoder для категориальных признаков
[2022-11-05 00:49:02,022: DEBUG] - features_prepare - Сохранение модели(pkl) OneHotEncoder для категориальных признаков
[2022-11-05 00:49:12,793: INFO] - modeling - Инициализация логирования и загрузка файла параметров
[2022-11-05 00:49:12,793: DEBUG] - modeling - Загрузка данных
[2022-11-05 00:49:12,800: DEBUG] - modeling - Разделение данных на трейн и тест
[2022-11-05 00:49:12,801: DEBUG] - modeling - Расчет модели KNeighborsClassifier
[2022-11-05 00:49:12,801: DEBUG] - modeling - Настройка модели KNeighborsClassifier
[2022-11-05 00:49:12,805: INFO] - modeling - roc_auc_train: 0.9068
[2022-11-05 00:49:12,807: INFO] - modeling - roc_auc_test: 0.9264
[2022-11-05 00:49:12,807: DEBUG] - modeling - Сохранение модели(pkl) KNeighborsClassifier
[2022-11-05 00:49:26,947: INFO] - prediction - Инициализация логирования и загрузка файла параметров
[2022-11-05 00:49:26,948: DEBUG] - prediction - Загрузка данных
[2022-11-05 00:49:26,951: DEBUG] - prediction - Загрузка OneHotEncoder и применение для категориальных признаков
[2022-11-05 00:49:27,325: DEBUG] - prediction - Загрузка StandardScaler и применение для числовых признаков
[2022-11-05 00:49:27,326: DEBUG] - prediction - Загрузка и применение модели
[2022-11-05 00:50:25,177: INFO] - prediction - Инициализация логирования и загрузка файла параметров
[2022-11-05 00:50:25,177: DEBUG] - prediction - Загрузка данных
[2022-11-05 00:50:25,181: DEBUG] - prediction - Загрузка OneHotEncoder и применение для категориальных признаков
[2022-11-05 00:50:25,563: DEBUG] - prediction - Загрузка StandardScaler и применение для числовых признаков
[2022-11-05 00:50:25,564: DEBUG] - prediction - Загрузка и применение модели
